<?xml version="1.0" encoding="UTF-8"?>
<testng-results ignored="0" total="1" passed="0" failed="1" skipped="0">
  <reporter-output>
  </reporter-output>
  <suite started-at="2023-07-25T23:07:30 IST" name="Default suite" finished-at="2023-07-25T23:07:55 IST" duration-ms="25188">
    <groups>
    </groups>
    <test started-at="2023-07-25T23:07:30 IST" name="Default test" finished-at="2023-07-25T23:07:55 IST" duration-ms="25188">
      <class name="PrinceQA.AppiumBAsic">
        <test-method is-config="true" signature="ConfigureAppium()[pri:0, instance:PrinceQA.AppiumBAsic@2cb4893b]" started-at="2023-07-25T23:07:30 IST" name="ConfigureAppium" finished-at="2023-07-25T23:07:41 IST" duration-ms="11088" status="PASS">
          <reporter-output>
          </reporter-output>
        </test-method> <!-- ConfigureAppium -->
        <test-method signature="AppiumTest()[pri:0, instance:PrinceQA.AppiumBAsic@2cb4893b]" started-at="2023-07-25T23:07:41 IST" name="AppiumTest" finished-at="2023-07-25T23:07:55 IST" duration-ms="13320" status="FAIL">
          <exception class="org.openqa.selenium.InvalidElementStateException">
            <message>
              <![CDATA[Cannot set the element to 'Rahul Wifi'. Did you interact with the correct element?
Build info: version: '4.10.0', revision: 'c14d967899'
System info: os.name: 'Windows 10', os.arch: 'amd64', os.version: '10.0', java.version: '16.0.1'
Driver info: io.appium.java_client.android.AndroidDriver
Command: [07dcbad6-59e9-4cf4-ba09-157abd67158a, sendKeysToElement {id=00000000-0000-00fa-ffff-ffff00000061, value=[Ljava.lang.CharSequence;@4393593c}]
Capabilities {appium:app: C:\Users\Admin\eclipse-work..., appium:appPackage: io.appium.android.apis, appium:automationName: UIAutomator2, appium:databaseEnabled: false, appium:desired: {app: C:\Users\Admin\eclipse-work..., automationName: UIAutomator2, deviceName: samsung SM-A125F, platformName: ANDROID}, appium:deviceApiLevel: 31, appium:deviceManufacturer: samsung, appium:deviceModel: SM-A125F, appium:deviceName: RZ8R8292BTJ, appium:deviceScreenDensity: 280, appium:deviceScreenSize: 720x1600, appium:deviceUDID: RZ8R8292BTJ, appium:javascriptEnabled: true, appium:locationContextEnabled: false, appium:networkConnectionEnabled: true, appium:pixelRatio: 1.75, appium:platformVersion: 12, appium:statBarHeight: 45, appium:takesScreenshot: true, appium:viewportRect: {height: 1426, left: 0, top: 45, width: 720}, appium:warnings: {}, appium:webStorageEnabled: false, platformName: ANDROID}
Element: [[AndroidDriver:  on ANDROID (07dcbad6-59e9-4cf4-ba09-157abd67158a)] -> id: android:id/button1]
Session ID: 07dcbad6-59e9-4cf4-ba09-157abd67158a]]>
            </message>
            <full-stacktrace>
              <![CDATA[org.openqa.selenium.InvalidElementStateException: Cannot set the element to 'Rahul Wifi'. Did you interact with the correct element?
Build info: version: '4.10.0', revision: 'c14d967899'
System info: os.name: 'Windows 10', os.arch: 'amd64', os.version: '10.0', java.version: '16.0.1'
Driver info: io.appium.java_client.android.AndroidDriver
Command: [07dcbad6-59e9-4cf4-ba09-157abd67158a, sendKeysToElement {id=00000000-0000-00fa-ffff-ffff00000061, value=[Ljava.lang.CharSequence;@4393593c}]
Capabilities {appium:app: C:\Users\Admin\eclipse-work..., appium:appPackage: io.appium.android.apis, appium:automationName: UIAutomator2, appium:databaseEnabled: false, appium:desired: {app: C:\Users\Admin\eclipse-work..., automationName: UIAutomator2, deviceName: samsung SM-A125F, platformName: ANDROID}, appium:deviceApiLevel: 31, appium:deviceManufacturer: samsung, appium:deviceModel: SM-A125F, appium:deviceName: RZ8R8292BTJ, appium:deviceScreenDensity: 280, appium:deviceScreenSize: 720x1600, appium:deviceUDID: RZ8R8292BTJ, appium:javascriptEnabled: true, appium:locationContextEnabled: false, appium:networkConnectionEnabled: true, appium:pixelRatio: 1.75, appium:platformVersion: 12, appium:statBarHeight: 45, appium:takesScreenshot: true, appium:viewportRect: {height: 1426, left: 0, top: 45, width: 720}, appium:warnings: {}, appium:webStorageEnabled: false, platformName: ANDROID}
Element: [[AndroidDriver:  on ANDROID (07dcbad6-59e9-4cf4-ba09-157abd67158a)] -> id: android:id/button1]
Session ID: 07dcbad6-59e9-4cf4-ba09-157abd67158a
at java.base/jdk.internal.reflect.NativeConstructorAccessorImpl.newInstance0(Native Method)
at java.base/jdk.internal.reflect.NativeConstructorAccessorImpl.newInstance(NativeConstructorAccessorImpl.java:78)
at java.base/jdk.internal.reflect.DelegatingConstructorAccessorImpl.newInstance(DelegatingConstructorAccessorImpl.java:45)
at java.base/java.lang.reflect.Constructor.newInstanceWithCaller(Constructor.java:499)
at java.base/java.lang.reflect.Constructor.newInstance(Constructor.java:480)
at org.openqa.selenium.remote.codec.w3c.W3CHttpResponseCodec.createException(W3CHttpResponseCodec.java:199)
at org.openqa.selenium.remote.codec.w3c.W3CHttpResponseCodec.decode(W3CHttpResponseCodec.java:132)
at org.openqa.selenium.remote.codec.w3c.W3CHttpResponseCodec.decode(W3CHttpResponseCodec.java:51)
at org.openqa.selenium.remote.HttpCommandExecutor.execute(HttpCommandExecutor.java:191)
at io.appium.java_client.remote.AppiumCommandExecutor.execute(AppiumCommandExecutor.java:262)
at org.openqa.selenium.remote.RemoteWebDriver.execute(RemoteWebDriver.java:531)
at org.openqa.selenium.remote.RemoteWebElement.execute(RemoteWebElement.java:242)
at org.openqa.selenium.remote.RemoteWebElement.sendKeys(RemoteWebElement.java:111)
at PrinceQA.AppiumBAsic.AppiumTest(AppiumBAsic.java:37)
at java.base/jdk.internal.reflect.NativeMethodAccessorImpl.invoke0(Native Method)
at java.base/jdk.internal.reflect.NativeMethodAccessorImpl.invoke(NativeMethodAccessorImpl.java:78)
at java.base/jdk.internal.reflect.DelegatingMethodAccessorImpl.invoke(DelegatingMethodAccessorImpl.java:43)
at java.base/java.lang.reflect.Method.invoke(Method.java:567)
at org.testng.internal.invokers.MethodInvocationHelper.invokeMethod(MethodInvocationHelper.java:139)
at org.testng.internal.invokers.TestInvoker.invokeMethod(TestInvoker.java:664)
at org.testng.internal.invokers.TestInvoker.invokeTestMethod(TestInvoker.java:227)
at org.testng.internal.invokers.MethodRunner.runInSequence(MethodRunner.java:50)
at org.testng.internal.invokers.TestInvoker$MethodInvocationAgent.invoke(TestInvoker.java:957)
at org.testng.internal.invokers.TestInvoker.invokeTestMethods(TestInvoker.java:200)
at org.testng.internal.invokers.TestMethodWorker.invokeTestMethods(TestMethodWorker.java:148)
at org.testng.internal.invokers.TestMethodWorker.run(TestMethodWorker.java:128)
at java.base/java.util.ArrayList.forEach(ArrayList.java:1511)
at org.testng.TestRunner.privateRun(TestRunner.java:848)
at org.testng.TestRunner.run(TestRunner.java:621)
at org.testng.SuiteRunner.runTest(SuiteRunner.java:443)
at org.testng.SuiteRunner.runSequentially(SuiteRunner.java:437)
at org.testng.SuiteRunner.privateRun(SuiteRunner.java:397)
at org.testng.SuiteRunner.run(SuiteRunner.java:336)
at org.testng.SuiteRunnerWorker.runSuite(SuiteRunnerWorker.java:52)
at org.testng.SuiteRunnerWorker.run(SuiteRunnerWorker.java:95)
at org.testng.TestNG.runSuitesSequentially(TestNG.java:1280)
at org.testng.TestNG.runSuitesLocally(TestNG.java:1200)
at org.testng.TestNG.runSuites(TestNG.java:1114)
at org.testng.TestNG.run(TestNG.java:1082)
at org.testng.remote.AbstractRemoteTestNG.run(AbstractRemoteTestNG.java:115)
at org.testng.remote.RemoteTestNG.initAndRun(RemoteTestNG.java:251)
at org.testng.remote.RemoteTestNG.main(RemoteTestNG.java:77)
]]>
            </full-stacktrace>
          </exception> <!-- org.openqa.selenium.InvalidElementStateException -->
          <reporter-output>
          </reporter-output>
        </test-method> <!-- AppiumTest -->
        <test-method is-config="true" signature="tearDown()[pri:0, instance:PrinceQA.AppiumBAsic@2cb4893b]" started-at="2023-07-25T23:07:55 IST" name="tearDown" finished-at="2023-07-25T23:07:55 IST" duration-ms="723" status="PASS">
          <reporter-output>
          </reporter-output>
        </test-method> <!-- tearDown -->
      </class> <!-- PrinceQA.AppiumBAsic -->
    </test> <!-- Default test -->
  </suite> <!-- Default suite -->
</testng-results>
